<?xml version="1.0" encoding="UTF-8"?>
<!-- Generated by org.testng.reporters.JUnitReportReporter -->
<testsuite hostname="Lenovo" failures="0" tests="7" name="com.testng.attri.Invocation" time="0.115" errors="0" timestamp="2022-11-14T19:41:46 IST" skipped="0">
  <testcase classname="com.testng.attri.Invocation" name="session_created" time="0.064"/>
  <system-out/>
  <testcase classname="com.testng.attri.Invocation" name="refresh" time="0.008"/>
  <system-out/>
  <testcase classname="com.testng.attri.Invocation" name="refresh" time="0.016"/>
  <system-out/>
  <testcase classname="com.testng.attri.Invocation" name="refresh" time="0.008"/>
  <system-out/>
  <testcase classname="com.testng.attri.Invocation" name="refresh" time="0.009"/>
  <system-out/>
  <testcase classname="com.testng.attri.Invocation" name="refresh" time="0.005"/>
  <system-out/>
  <testcase classname="com.testng.attri.Invocation" name="credentials" time="0.005"/>
  <system-out/>
</testsuite> <!-- com.testng.attri.Invocation -->
