<?xml version="1.0" encoding="UTF-8"?>
<!-- Generated by org.testng.reporters.JUnitReportReporter -->
<testsuite hostname="Lenovo" failures="0" tests="5" name="com.testng.attri.Enabled" time="0.054" errors="0" timestamp="2022-11-15T23:05:14 IST" skipped="1">
  <testcase classname="com.testng.attri.Enabled" name="whatsapp" time="0.008"/>
  <system-out/>
  <testcase classname="com.testng.attri.Enabled" name="insta" time="0.008"/>
  <system-out/>
  <testcase classname="com.testng.attri.Enabled" name="earphones" time="0.034"/>
  <system-out/>
  <testcase classname="com.testng.attri.Enabled" name="laptop" time="0.004"/>
  <system-out/>
  <testcase classname="com.testng.attri.Enabled" name="books">
    <skipped/>
  </testcase> <!-- books -->
  <system-out/>
</testsuite> <!-- com.testng.attri.Enabled -->
