<?xml version="1.0" encoding="UTF-8"?>
<!-- Generated by org.testng.reporters.JUnitReportReporter -->
<testsuite hostname="Lenovo" failures="0" tests="3" name="com.annotation.test.Annotations_Demo" time="0.190" errors="0" timestamp="2022-11-13T18:45:25 IST" skipped="0">
  <testcase classname="com.annotation.test.Annotations_Demo" name="summer_Dress" time="0.009"/>
  <system-out/>
  <testcase classname="com.annotation.test.Annotations_Demo" name="casual_Dress" time="0.110"/>
  <system-out/>
  <testcase classname="com.annotation.test.Annotations_Demo" name="evening_Dress" time="0.071"/>
  <system-out/>
</testsuite> <!-- com.annotation.test.Annotations_Demo -->
