<?xml version="1.0" encoding="UTF-8"?>
<!-- Generated by org.testng.reporters.JUnitReportReporter -->
<testsuite hostname="Lenovo" failures="0" tests="2" name="com.testng.attri.Description" time="0.071" errors="0" timestamp="2022-11-14T20:46:32 IST" skipped="0">
  <testcase classname="com.testng.attri.Description" name="ug" time="0.052"/>
  <system-out/>
  <testcase classname="com.testng.attri.Description" name="pg" time="0.019"/>
  <system-out/>
</testsuite> <!-- com.testng.attri.Description -->
