<?xml version="1.0" encoding="UTF-8"?>
<!-- Generated by org.testng.reporters.JUnitReportReporter -->
<testsuite hostname="Lenovo" failures="0" tests="6" name="com.testng.attributes.DP_RunnerClass" time="0.448" errors="0" timestamp="2022-11-18T12:30:30 IST" skipped="0">
  <testcase classname="com.testng.attributes.DP_RunnerClass" name="address_Details" time="0.023"/>
  <system-out/>
  <testcase classname="com.testng.attributes.DP_RunnerClass" name="address_Details" time="0.009"/>
  <system-out/>
  <testcase classname="com.testng.attributes.DP_RunnerClass" name="address_Details" time="0.038"/>
  <system-out/>
  <testcase classname="com.testng.attributes.DP_RunnerClass" name="username" time="0.018"/>
  <system-out/>
  <testcase classname="com.testng.attributes.DP_RunnerClass" name="username" time="0.347"/>
  <system-out/>
  <testcase classname="com.testng.attributes.DP_RunnerClass" name="username" time="0.013"/>
  <system-out/>
</testsuite> <!-- com.testng.attributes.DP_RunnerClass -->
