<?xml version="1.0" encoding="UTF-8"?>
<!-- Generated by org.testng.reporters.JUnitReportReporter -->
<testsuite hostname="Lenovo" failures="0" tests="2" name="com.testng.attributes.Group" time="0.046" errors="0" timestamp="2022-11-15T23:40:03 IST" skipped="0">
  <testcase classname="com.testng.attributes.Group" name="earphones" time="0.039"/>
  <system-out/>
  <testcase classname="com.testng.attributes.Group" name="laptop" time="0.007"/>
  <system-out/>
</testsuite> <!-- com.testng.attributes.Group -->
