<?xml version="1.0" encoding="UTF-8"?>
<!-- Generated by org.testng.reporters.JUnitReportReporter -->
<testsuite hostname="Lenovo" failures="0" tests="4" name="com.testng.attributes.Enabled" time="0.073" errors="0" timestamp="2022-11-15T23:22:37 IST" skipped="1">
  <testcase classname="com.testng.attributes.Enabled" name="laptop" time="0.013"/>
  <system-out/>
  <testcase classname="com.testng.attributes.Enabled" name="earphones" time="0.043"/>
  <system-out/>
  <testcase classname="com.testng.attributes.Enabled" name="whatsapp" time="0.017"/>
  <system-out/>
  <testcase classname="com.testng.attributes.Enabled" name="books">
    <skipped/>
  </testcase> <!-- books -->
  <system-out/>
</testsuite> <!-- com.testng.attributes.Enabled -->
