<?xml version="1.0" encoding="UTF-8"?>
<!-- Generated by org.testng.reporters.JUnitReportReporter -->
<testsuite hostname="Lenovo" failures="0" tests="1" name="com.testng.attributes.Assert_Example" time="11.604" errors="0" timestamp="2022-11-16T21:14:42 IST" skipped="0">
  <testcase classname="com.testng.attributes.Assert_Example" name="Launch_Url" time="11.604"/>
  <system-out/>
</testsuite> <!-- com.testng.attributes.Assert_Example -->
