<?xml version="1.0" encoding="UTF-8"?>
<!-- Generated by org.testng.reporters.JUnitReportReporter -->
<testsuite hostname="Lenovo" failures="0" tests="3" name="com.testng.attributes.GroupofGroups" time="0.040" errors="0" timestamp="2022-11-16T13:45:41 IST" skipped="0">
  <testcase classname="com.testng.attributes.GroupofGroups" name="insta" time="0.003"/>
  <system-out/>
  <testcase classname="com.testng.attributes.GroupofGroups" name="choco" time="0.030"/>
  <system-out/>
  <testcase classname="com.testng.attributes.GroupofGroups" name="session" time="0.007"/>
  <system-out/>
</testsuite> <!-- com.testng.attributes.GroupofGroups -->
