<?xml version="1.0" encoding="UTF-8"?>
<!-- Generated by org.testng.reporters.JUnitReportReporter -->
<testsuite hostname="Lenovo" failures="0" tests="3" name="com.testng.attributes.Data_Parsing" time="0.493" errors="0" timestamp="2022-11-18T11:43:31 IST" skipped="0">
  <testcase classname="com.testng.attributes.Data_Parsing" name="login" time="0.046"/>
  <system-out/>
  <testcase classname="com.testng.attributes.Data_Parsing" name="login" time="0.404"/>
  <system-out/>
  <testcase classname="com.testng.attributes.Data_Parsing" name="login" time="0.043"/>
  <system-out/>
</testsuite> <!-- com.testng.attributes.Data_Parsing -->
