<?xml version="1.0" encoding="UTF-8"?>
<!-- Generated by org.testng.reporters.JUnitReportReporter -->
<testsuite hostname="Lenovo" failures="0" tests="2" name="com.testng.attributes.Parallel_Runner" time="37.956" errors="0" timestamp="2022-11-18T12:49:25 IST" skipped="0">
  <testcase classname="com.testng.attributes.Parallel_Runner" name="instagram" time="14.566"/>
  <system-out/>
  <testcase classname="com.testng.attributes.Parallel_Runner" name="facebook" time="23.390"/>
  <system-out/>
</testsuite> <!-- com.testng.attributes.Parallel_Runner -->
