<?xml version="1.0" encoding="UTF-8"?>
<!-- Generated by org.testng.reporters.JUnitReportReporter -->
<testsuite hostname="Lenovo" failures="0" tests="2" name="com.testng.attributes.Single_Data" time="0.037" errors="0" timestamp="2022-11-17T19:07:03 IST" skipped="0">
  <testcase classname="com.testng.attributes.Single_Data" name="credentials_login" time="0.031"/>
  <system-out/>
  <testcase classname="com.testng.attributes.Single_Data" name="SurName" time="0.006"/>
  <system-out/>
</testsuite> <!-- com.testng.attributes.Single_Data -->
