<?xml version="1.0" encoding="UTF-8"?>
<!-- Generated by org.testng.reporters.JUnitReportReporter -->
<testsuite hostname="Lenovo" failures="0" tests="5" name="com.tesNG.task.Adactin_TestNG" time="21.743" errors="0" timestamp="2022-11-20T21:46:15 IST" skipped="0">
  <testcase classname="com.tesNG.task.Adactin_TestNG" name="login_Page" time="3.309"/>
  <system-out/>
  <testcase classname="com.tesNG.task.Adactin_TestNG" name="search_Page" time="3.018"/>
  <system-out/>
  <testcase classname="com.tesNG.task.Adactin_TestNG" name="select_Page" time="5.234"/>
  <system-out/>
  <testcase classname="com.tesNG.task.Adactin_TestNG" name="booking_Page" time="2.175"/>
  <system-out/>
  <testcase classname="com.tesNG.task.Adactin_TestNG" name="comfirm_Page" time="8.007"/>
  <system-out/>
</testsuite> <!-- com.tesNG.task.Adactin_TestNG -->
