<?xml version="1.0" encoding="UTF-8"?>
<!-- Generated by org.testng.reporters.JUnitReportReporter -->
<testsuite hostname="Lenovo" failures="0" tests="4" name="com.testng.attri.Priority" time="0.054" errors="0" timestamp="2022-11-14T19:18:08 IST" skipped="0">
  <testcase classname="com.testng.attri.Priority" name="hsc" time="0.030"/>
  <system-out/>
  <testcase classname="com.testng.attri.Priority" name="sslc" time="0.004"/>
  <system-out/>
  <testcase classname="com.testng.attri.Priority" name="ug" time="0.007"/>
  <system-out/>
  <testcase classname="com.testng.attri.Priority" name="pg" time="0.013"/>
  <system-out/>
</testsuite> <!-- com.testng.attri.Priority -->
